{"logTime": "1204/142609", "correlationVector":"2C5B8D930102469289AD1365A8C9FBB9","action":"FETCH_UX_CONFIG", "result":""}
{"logTime": "1204/152605", "correlationVector":"C469E59BB13141588ED7FE3EFD0FEE61","action":"FETCH_UX_CONFIG", "result":""}
{"logTime": "1204/162605", "correlationVector":"F1775834428C452F8FB9E2C839AF2AA3","action":"FETCH_UX_CONFIG", "result":""}
{"logTime": "1205/040812", "correlationVector":"567AF8B6AB554DEB96E068945AEAFCF3","action":"FETCH_UX_CONFIG", "result":""}
{"logTime": "1205/050810", "correlationVector":"C50FF45CDE8A43D98394A92A3AC62802","action":"FETCH_UX_CONFIG", "result":""}
{"logTime": "1205/060807", "correlationVector":"8AD16F28A9B54BBD992383BA72959FDE","action":"FETCH_UX_CONFIG", "result":""}
{"logTime": "1205/062408", "correlationVector":"0992388AF55344CD8EEAE32A4F064F1F","action":"FETCH_UX_CONFIG", "result":""}
{"logTime": "1205/062512", "correlationVector":"ZqrpvzEr6zOaKy73ndBm5t","action":"EXTENSION_ACTIVITY_LOG_STATUS_FETCHER", "result":""}
{"logTime": "1205/072406", "correlationVector":"97319A28C2FD411BB485A7D07EBA2C1A","action":"FETCH_UX_CONFIG", "result":""}
{"logTime": "1205/091857", "correlationVector":"30F6FB5034BC420C82014E4D84006B70","action":"FETCH_UX_CONFIG", "result":""}
{"logTime": "1205/105343", "correlationVector":"C2834F94C9DD48FA8508FDB1BB4D8EF0","action":"FETCH_UX_CONFIG", "result":""}
{"logTime": "1205/112515", "correlationVector":"ZW/+NjVsl/Yr26DAMB2qPO","action":"EXTENSION_ACTIVITY_LOG_STATUS_FETCHER", "result":""}
{"logTime": "1205/121527", "correlationVector":"0C274501CEC243A991EBE092C7430504","action":"FETCH_UX_CONFIG", "result":""}
{"logTime": "1205/131525", "correlationVector":"1D305EE5379B4EEF9C9240C59765ABCA","action":"FETCH_UX_CONFIG", "result":""}
{"logTime": "1205/141525", "correlationVector":"898678F2FFB74EF2AF9E94482B5F3E85","action":"FETCH_UX_CONFIG", "result":""}
{"logTime": "1205/175122", "correlationVector":"CNDO+w9moUczOQb6phQc3N","action":"EXTENSION_ACTIVITY_LOG_STATUS_FETCHER", "result":""}
{"logTime": "1205/175125", "correlationVector":"6614DC02E6CC484CA8AE69A552AABE0B","action":"FETCH_UX_CONFIG", "result":""}
{"logTime": "1206/011908", "correlationVector":"LOd8nc3FEyLIb035RrAQYe","action":"EXTENSION_ACTIVITY_LOG_STATUS_FETCHER", "result":""}
{"logTime": "1206/163649", "correlationVector":"4A18CF5E67DD4287988018CF4A90D89C","action":"FETCH_UX_CONFIG", "result":""}
{"logTime": "1207/133649", "correlationVector":"3229C943CA2A4819B79E68D92C008B0A","action":"FETCH_UX_CONFIG", "result":""}
{"logTime": "1207/143652", "correlationVector":"0C3CAB01D1464F919414435CBC6647A3","action":"FETCH_UX_CONFIG", "result":""}
{"logTime": "1207/163654", "correlationVector":"058725C9934449B985D9A478B3BB38E6","action":"FETCH_UX_CONFIG", "result":""}
{"logTime": "1208/042214", "correlationVector":"ABD5A02CF31C41C39C639A93F194C893","action":"FETCH_UX_CONFIG", "result":""}
{"logTime": "1208/052212", "correlationVector":"382EAD290E9145B8BB15C4FDD24B8D5B","action":"FETCH_UX_CONFIG", "result":""}
{"logTime": "1208/062828", "correlationVector":"A3E902DBF8E94E9C968793DBF68957AE","action":"FETCH_UX_CONFIG", "result":""}
{"logTime": "1208/122437", "correlationVector":"FF015370E6EB4DD0B40849911B332D90","action":"FETCH_UX_CONFIG", "result":""}
{"logTime": "1208/132437", "correlationVector":"FA50DD2DB94341BB96B1185B5DE2B76B","action":"FETCH_UX_CONFIG", "result":""}
{"logTime": "1209/040455", "correlationVector":"54F81C3B91904FF9BEB174D6686EE495","action":"FETCH_UX_CONFIG", "result":""}
{"logTime": "1209/050453", "correlationVector":"89394612C1044995B997DA8F0872E254","action":"FETCH_UX_CONFIG", "result":""}
{"logTime": "1209/081853", "correlationVector":"9478B7D9D095486DA76788B0E191C769","action":"FETCH_UX_CONFIG", "result":""}
{"logTime": "1209/091853", "correlationVector":"E3BD3B47196D4683A93A04F7E9F1C569","action":"FETCH_UX_CONFIG", "result":""}
{"logTime": "1209/104608", "correlationVector":"B9B2873BAA4845BCABD3A7B50211E052","action":"FETCH_UX_CONFIG", "result":""}
{"logTime": "1209/112354", "correlationVector":"1B7226156F554F5CB14F7DD056BD4F86","action":"FETCH_UX_CONFIG", "result":""}
{"logTime": "1209/122352", "correlationVector":"86FFB00509CF447ABF93116FD2980B32","action":"FETCH_UX_CONFIG", "result":""}
{"logTime": "1209/211635", "correlationVector":"5004A9D5E7F94659A5BEBB123518932F","action":"FETCH_UX_CONFIG", "result":""}
{"logTime": "1210/071411", "correlationVector":"0F37C0A9301849EAB06A41CC3A7A5293","action":"FETCH_UX_CONFIG", "result":""}
{"logTime": "1210/081408", "correlationVector":"F3152B3F11674F1C8C8F51C93A091030","action":"FETCH_UX_CONFIG", "result":""}
{"logTime": "1211/030907", "correlationVector":"ECCF1EC7C1D74363B493994394A31940","action":"FETCH_UX_CONFIG", "result":""}
{"logTime": "1211/040907", "correlationVector":"7E125A2D18EB4A26B1D6B940371ED474","action":"FETCH_UX_CONFIG", "result":""}
{"logTime": "1211/135326", "correlationVector":"79DE5D519B75413C8F276200C4C549A3","action":"FETCH_UX_CONFIG", "result":""}
{"logTime": "1211/154931", "correlationVector":"CC73D917B3FA4B3283706004BA9467E4","action":"FETCH_UX_CONFIG", "result":""}
{"logTime": "1211/164928", "correlationVector":"CF0396F14E6A4888BAD6A34B270C0EA4","action":"FETCH_UX_CONFIG", "result":""}
{"logTime": "1212/044446", "correlationVector":"9B6C349560874F64BADEBE850E6FCFE0","action":"FETCH_UX_CONFIG", "result":""}
{"logTime": "1212/054447", "correlationVector":"2768D20B80124014BE9AB8C42D9DB493","action":"FETCH_UX_CONFIG", "result":""}
{"logTime": "1212/073059", "correlationVector":"BC22C9746B5E4936BEA54B15BAB8DA53","action":"FETCH_UX_CONFIG", "result":""}
{"logTime": "1212/083100", "correlationVector":"B3B146ABD646411BAD7E3AE9764E7F6A","action":"FETCH_UX_CONFIG", "result":""}
{"logTime": "1212/130622", "correlationVector":"9542FA4883FB4E5A8EE242DA85474CDE","action":"FETCH_UX_CONFIG", "result":""}
{"logTime": "1212/140621", "correlationVector":"663B6D4CC39C43DD948B62EA49D4C2DE","action":"FETCH_UX_CONFIG", "result":""}
{"logTime": "1212/160621", "correlationVector":"27A420B5C3C947B3B3428A8E6EA69405","action":"FETCH_UX_CONFIG", "result":""}
{"logTime": "1212/170621", "correlationVector":"7934891A1BE248CE826935ABF9DEF0CC","action":"FETCH_UX_CONFIG", "result":""}
{"logTime": "1213/060322", "correlationVector":"9B43574402984AB7B0766307A037AED3","action":"FETCH_UX_CONFIG", "result":""}
{"logTime": "1213/070319", "correlationVector":"3D6607DFE09D444EBC0C695133904D1A","action":"FETCH_UX_CONFIG", "result":""}
{"logTime": "1213/080319", "correlationVector":"7DB7AA3CDA1445758CF630181ADE9CBF","action":"FETCH_UX_CONFIG", "result":""}
{"logTime": "1213/084651", "correlationVector":"9318D0AF635548FA8A98FAA1D8C27C07","action":"FETCH_UX_CONFIG", "result":""}
{"logTime": "1213/084715", "correlationVector":"A2AF9F1024B249BC8315ADA94AB0D2E0","action":"FETCH_UX_CONFIG", "result":""}
{"logTime": "1213/084744", "correlationVector":"E4AF4D2CA8364775ABF43F369618BCDE","action":"FETCH_UX_CONFIG", "result":""}
{"logTime": "1213/090549", "correlationVector":"DA34643D1F5B4447A65FBBA62F4F5B5D","action":"FETCH_UX_CONFIG", "result":""}
{"logTime": "1213/091901", "correlationVector":"BA45C6BDE7BC416AA8A1A7C203416961","action":"FETCH_UX_CONFIG", "result":""}
{"logTime": "1213/115459", "correlationVector":"CB3F54DC8F79429F94924197615B7BEB","action":"FETCH_UX_CONFIG", "result":""}
{"logTime": "1213/153554", "correlationVector":"7270BC3FD48D4D5D88EA407750412D73","action":"FETCH_UX_CONFIG", "result":""}
{"logTime": "1214/080004", "correlationVector":"F61453A0FF0F4C6490F9DCB348846454","action":"FETCH_UX_CONFIG", "result":""}
{"logTime": "1214/090003", "correlationVector":"71CA23D70C52472483E587856AAE91C3","action":"FETCH_UX_CONFIG", "result":""}
{"logTime": "1214/100734", "correlationVector":"A839E7BE73DC4DFDAD5626A698161C94","action":"FETCH_UX_CONFIG", "result":""}
{"logTime": "1214/111741", "correlationVector":"445F5FE5C3DA4C7A85186B844EDA6C73","action":"FETCH_UX_CONFIG", "result":""}
{"logTime": "1214/155409", "correlationVector":"38FDD9142F614268A1BB4866273D8F94","action":"FETCH_UX_CONFIG", "result":""}
{"logTime": "1214/165409", "correlationVector":"F5CAB01C4170428C9C900935035E1BB1","action":"FETCH_UX_CONFIG", "result":""}
{"logTime": "1215/071622", "correlationVector":"E3A96F01C3BF40C783FAFA68CDB222D9","action":"FETCH_UX_CONFIG", "result":""}
{"logTime": "1215/081622", "correlationVector":"9BA215AB528241D38546F30099DD2453","action":"FETCH_UX_CONFIG", "result":""}
{"logTime": "1215/105826", "correlationVector":"49DF6DB9DD86416AB4E114AE2D72A045","action":"FETCH_UX_CONFIG", "result":""}
{"logTime": "1215/115827", "correlationVector":"68991FBC563A480CBEBD2B4FBCF607A4","action":"FETCH_UX_CONFIG", "result":""}
{"logTime": "1215/141937", "correlationVector":"F4F6BF9CE1C44CA585C9E1E053727E0F","action":"FETCH_UX_CONFIG", "result":""}
{"logTime": "1215/152501", "correlationVector":"AB54443D23144EDFA4D5D9F77BDA0675","action":"FETCH_UX_CONFIG", "result":""}
{"logTime": "1216/041504", "correlationVector":"AD926D0F9BC54DC3BA603B1429253E57","action":"FETCH_UX_CONFIG", "result":""}
{"logTime": "1216/051458", "correlationVector":"8AA417F549874A628CD3A9D426977212","action":"FETCH_UX_CONFIG", "result":""}
{"logTime": "1216/061502", "correlationVector":"B2BF55560E6F449BAF1AF0AB18A65BFE","action":"FETCH_UX_CONFIG", "result":""}
{"logTime": "1216/075248", "correlationVector":"88744C06830D4DEA8DBEAE30CD37EBD3","action":"FETCH_UX_CONFIG", "result":""}
{"logTime": "1216/084341", "correlationVector":"B0CCA143B746454681BADCE54641CF65","action":"FETCH_UX_CONFIG", "result":""}
{"logTime": "1216/153744", "correlationVector":"A765C008F293448A96CFC89F45AE918B","action":"FETCH_UX_CONFIG", "result":""}
{"logTime": "1216/165812", "correlationVector":"31F6A9B7B8374610895CC2952C37B017","action":"FETCH_UX_CONFIG", "result":""}
{"logTime": "1217/043518", "correlationVector":"C6893E8F028542E7B64B945E2019985F","action":"FETCH_UX_CONFIG", "result":""}
{"logTime": "1217/064358", "correlationVector":"E3CEC7A85E6242E8925402829E359366","action":"FETCH_UX_CONFIG", "result":""}
{"logTime": "1217/074356", "correlationVector":"6FF5EB9B3B62470F99486A051ED82C3B","action":"FETCH_UX_CONFIG", "result":""}
{"logTime": "1217/083327", "correlationVector":"2F646C49EF4F49EE9938349ECDB6C2FF","action":"FETCH_UX_CONFIG", "result":""}
{"logTime": "1217/094213", "correlationVector":"FF56A258D15346A4BC66076D1ADA322E","action":"FETCH_UX_CONFIG", "result":""}
{"logTime": "1217/112610", "correlationVector":"3DECC84B99E04C04B5D5BB39194C2A68","action":"FETCH_UX_CONFIG", "result":""}
{"logTime": "1217/122609", "correlationVector":"8DCBB2F729444FA886F228F41AC9348E","action":"FETCH_UX_CONFIG", "result":""}
{"logTime": "1217/133900", "correlationVector":"3F59C2A9D4B24D2CB3960B2BCDD21B86","action":"FETCH_UX_CONFIG", "result":""}
{"logTime": "1217/143859", "correlationVector":"6F94A9B5BFAF46A08E46433FC55BDB9E","action":"FETCH_UX_CONFIG", "result":""}
{"logTime": "1217/153902", "correlationVector":"AD359AE4401642368949E0B2BC732847","action":"FETCH_UX_CONFIG", "result":""}
